===================================================================================================================
== Test 1: Concurrent HTTP Server
== Launches HTTP server, then concurrently runs several 'curl' instances to
== request files, including one non-existent file. Checks that all files are
== successfully downloaded and match the original versions. Note that you won't
== be able to pass this test unless your sever supports a minimum number of
== concurrently active clients.
Running test...
~~~~~~~~~~~~~~~~~~~~~~~~~~~~~~~~~~~~~~~~~~~~~~~~~~~~~~~~~~~~~~~~~~~~~~~~~~~~~~~~~~~~~~~~~~~~~~~~~~~~~~~~~~~~~~~~~~~
Step 1
-------------------------------------------------------------------------------------------------------------------
Action 1: Run Directory Setup
-- Creates a fresh directory to store files downloaded from the server
Expected output is in file 'test_results/raw/project_04-1-1-expected.tmp'
Actual output is in file 'test_results/raw/project_04-1-1-actual.tmp'
Test PASSED
~~~~~~~~~~~~~~~~~~~~~~~~~~~~~~~~~~~~~~~~~~~~~~~~~~~~~~~~~~~~~~~~~~~~~~~~~~~~~~~~~~~~~~~~~~~~~~~~~~~~~~~~~~~~~~~~~~~
Step 2
-------------------------------------------------------------------------------------------------------------------
Action 1: Start Concurrent HTTP Server
~~~~~~~~~~~~~~~~~~~~~~~~~~~~~~~~~~~~~~~~~~~~~~~~~~~~~~~~~~~~~~~~~~~~~~~~~~~~~~~~~~~~~~~~~~~~~~~~~~~~~~~~~~~~~~~~~~~
Step 3
-------------------------------------------------------------------------------------------------------------------
Action 1: Start Request quote.txt
-------------------------------------------------------------------------------------------------------------------
Action 2: Start Request headers.html
-------------------------------------------------------------------------------------------------------------------
Action 3: Start Request index.html
-------------------------------------------------------------------------------------------------------------------
Action 4: Start Request courses.txt
-------------------------------------------------------------------------------------------------------------------
Action 5: Start Request mt2_practice.pdf
-------------------------------------------------------------------------------------------------------------------
Action 6: Start Request gatsby.txt
-------------------------------------------------------------------------------------------------------------------
Action 7: Start Request africa.jpg
-------------------------------------------------------------------------------------------------------------------
Action 8: Start Request ocelot.jpg
-------------------------------------------------------------------------------------------------------------------
Action 9: Start Request hard_drive.png
-------------------------------------------------------------------------------------------------------------------
Action 10: Start Request Lec01.pdf
~~~~~~~~~~~~~~~~~~~~~~~~~~~~~~~~~~~~~~~~~~~~~~~~~~~~~~~~~~~~~~~~~~~~~~~~~~~~~~~~~~~~~~~~~~~~~~~~~~~~~~~~~~~~~~~~~~~
Step 4
-------------------------------------------------------------------------------------------------------------------
Action 1: Finish Request quote.txt
-- Requests the file 'quote.txt' from the server
Expected output is in file 'test_results/raw/project_04-1-3-expected.tmp'
Actual output is in file 'test_results/raw/project_04-1-3-actual.tmp'
Test PASSED
-------------------------------------------------------------------------------------------------------------------
Action 2: Finish Request headers.html
-- Requests the file 'headers.html' from the server
Expected output is in file 'test_results/raw/project_04-1-4-expected.tmp'
Actual output is in file 'test_results/raw/project_04-1-4-actual.tmp'
Test PASSED
-------------------------------------------------------------------------------------------------------------------
Action 3: Finish Request index.html
-- Requests the file 'index.html' from the server
Expected output is in file 'test_results/raw/project_04-1-5-expected.tmp'
Actual output is in file 'test_results/raw/project_04-1-5-actual.tmp'
Test PASSED
-------------------------------------------------------------------------------------------------------------------
Action 4: Finish Request courses.txt
-- Requests the file 'courses.txt' from the server
Expected output is in file 'test_results/raw/project_04-1-6-expected.tmp'
Actual output is in file 'test_results/raw/project_04-1-6-actual.tmp'
Test PASSED
-------------------------------------------------------------------------------------------------------------------
Action 5: Finish Request mt2_practice.pdf
-- Requests the file 'mt2_practice.pdf' from the server
Expected output is in file 'test_results/raw/project_04-1-7-expected.tmp'
Actual output is in file 'test_results/raw/project_04-1-7-actual.tmp'
Test PASSED
-------------------------------------------------------------------------------------------------------------------
Action 6: Finish Request gatsby.txt
-- Requests the file 'gatsby.txt' from the server
Expected output is in file 'test_results/raw/project_04-1-8-expected.tmp'
Actual output is in file 'test_results/raw/project_04-1-8-actual.tmp'
Test PASSED
-------------------------------------------------------------------------------------------------------------------
Action 7: Finish Request africa.jpg
-- Requests the file 'africa.jpg' from the server
Expected output is in file 'test_results/raw/project_04-1-9-expected.tmp'
Actual output is in file 'test_results/raw/project_04-1-9-actual.tmp'
Test FAILED
== Side-by-Side Comparison ==
== Differing lines have a character like '|' '>' or '<' in the middle
==== EXPECT ====                                                               ==== ACTUAL ====
$ curl -s -S http://localhost:$PORT/africa.jpg > downloaded_files/africa.jpg   $ curl -s -S http://localhost:$PORT/africa.jpg > downloaded_files/africa.jpg
                                                                             > curl: (18) transfer closed with 435165 bytes remaining to read
$ exit                                                                         $ exit
exit                                                                           exit
== Line Differences ==
ACTUAL 2) curl: (18) transfer closed with 435165 bytes remaining to read
-------------------------------------------------------------------------------------------------------------------
Prevously started test ignored due to previous error(s)
-- Requests the file 'ocelot.jpg' from the server
Expected output is in file 'test_results/raw/project_04-1-10-expected.tmp'
Actual output is in file 'test_results/raw/project_04-1-10-actual.tmp'
Test FAILED
== Side-by-Side Comparison ==
== Differing lines have a character like '|' '>' or '<' in the middle
==== EXPECT ====                                                               ==== ACTUAL ====
$ curl -s -S http://localhost:$PORT/ocelot.jpg > downloaded_files/ocelot.jpg   $ curl -s -S http://localhost:$PORT/ocelot.jpg > downloaded_files/ocelot.jpg
                                                                             > curl: (18) transfer closed with 633399 bytes remaining to read
$ exit                                                                         $ exit
exit                                                                           exit
== Line Differences ==
ACTUAL 2) curl: (18) transfer closed with 633399 bytes remaining to read
-------------------------------------------------------------------------------------------------------------------
Prevously started test ignored due to previous error(s)
-- Requests the file 'hard_drive.png' from the server
Expected output is in file 'test_results/raw/project_04-1-11-expected.tmp'
Actual output is in file 'test_results/raw/project_04-1-11-actual.tmp'
Test PASSED
-------------------------------------------------------------------------------------------------------------------
Prevously started test ignored due to previous error(s)
-- Requests the file 'Lec01.pdf' from the server
Expected output is in file 'test_results/raw/project_04-1-12-expected.tmp'
Actual output is in file 'test_results/raw/project_04-1-12-actual.tmp'
Test PASSED
~~~~~~~~~~~~~~~~~~~~~~~~~~~~~~~~~~~~~~~~~~~~~~~~~~~~~~~~~~~~~~~~~~~~~~~~~~~~~~~~~~~~~~~~~~~~~~~~~~~~~~~~~~~~~~~~~~~
Step 5
-------------------------------------------------------------------------------------------------------------------
Action 1: Not executed due to previous error(s)
~~~~~~~~~~~~~~~~~~~~~~~~~~~~~~~~~~~~~~~~~~~~~~~~~~~~~~~~~~~~~~~~~~~~~~~~~~~~~~~~~~~~~~~~~~~~~~~~~~~~~~~~~~~~~~~~~~~
Step 6
-------------------------------------------------------------------------------------------------------------------
Prevously started test ignored due to previous error(s)
-- Runs HTTP Server
Expected output is in file 'test_results/raw/project_04-1-2-expected.tmp'
Actual output is in file 'test_results/raw/project_04-1-2-actual.tmp'
Error: TIMED OUT. Output:
$ ./http_server server_files $PORT
File size is 359 bytes
File size is 299452 bytes
File size is 2216288 bytes
File size is 1681872 bytes
File size is 229 bytes
File size is 2655 bytes
File size is 68 bytes
File size is 147103 bytes
File size is 987613 bytes
File size is 1186359 bytes

~~~~~~~~~~~~~~~~~~~~~~~~~~~~~~~~~~~~~~~~~~~~~~~~~~~~~~~~~~~~~~~~~~~~~~~~~~~~~~~~~~~~~~~~~~~~~~~~~~~~~~~~~~~~~~~~~~~
Step 7
-------------------------------------------------------------------------------------------------------------------
Action 1: Not executed due to previous error(s)
